2022-08-12 22:18:55,259 laptop-i79sh5gg code-with-quarkus-dev.jar[307696] INFO  [io.quarkus] (Quarkus Main Thread) code-with-quarkus 1.0.0-SNAPSHOT on JVM (powered by Quarkus 2.11.1.Final) started in 0.792s. Listening on: http://localhost:8089
2022-08-12 22:18:55,261 laptop-i79sh5gg code-with-quarkus-dev.jar[307696] INFO  [io.quarkus] (Quarkus Main Thread) Profile dev activated. Live Coding activated.
2022-08-12 22:18:55,262 laptop-i79sh5gg code-with-quarkus-dev.jar[307696] INFO  [io.quarkus] (Quarkus Main Thread) Installed features: [agroal, cdi, hibernate-orm, hibernate-orm-panache, jdbc-mssql, jdbc-postgresql, narayana-jta, rest-client, rest-client-jackson, resteasy, resteasy-jackson, smallrye-context-propagation, smallrye-openapi, swagger-ui, vertx]
2022-08-12 22:18:55,263 laptop-i79sh5gg code-with-quarkus-dev.jar[307696] INFO  [io.qua.dep.dev.RuntimeUpdatesProcessor] (vert.x-worker-thread-0) Live reload total time: 2.016s 
2022-08-12 22:18:55,964 laptop-i79sh5gg code-with-quarkus-dev.jar[307696] ERROR [io.qua.hib.orm.run.sch.SchemaManagementIntegrator] (Hibernate post-boot validation thread for <default>) Failed to validate Schema: Schema-validation: missing table [Macademic]
2022-08-12 22:18:56,635 laptop-i79sh5gg code-with-quarkus-dev.jar[307696] ERROR [io.qua.hib.orm.run.sch.SchemaManagementIntegrator] (Hibernate post-boot validation thread for <default>) The following SQL may resolve the database issues, as generated by the Hibernate schema migration tool. WARNING: You must manually verify this SQL is correct, this is a best effort guess, do not copy/paste it without verifying that it does what you expect.


    create table Macademic (
       macademicpk bigint identity not null,
        academic_grade varchar(255),
        academic_image varchar(255),
        academic_name varchar(255),
        graduation_year datetime2,
        major varchar(255),
        muserfk int,
        region varchar(255),
        primary key (macademicpk)
    );

    create table Mmahasiswa (
       mahasiswapk bigint identity not null,
        kelas varchar(255),
        name varchar(255),
        npm varchar(255),
        primary key (mahasiswapk)
    );

    create table Muser (
       muserpk bigint identity not null,
        address varchar(255),
        createdby varchar(255),
        createdtime datetime2,
        date_of_birth datetime2,
        device_id varchar(255),
        email varchar(255),
        lastlogin datetime2,
        lastupdated datetime2,
        password varchar(255),
        phone_number varchar(255),
        profile_image varchar(255),
        title varchar(255),
        updatedby varchar(255),
        userid varchar(255),
        primary key (muserpk)
    );

2022-08-12 22:23:09,182 laptop-i79sh5gg code-with-quarkus-dev.jar[307696] INFO  [io.quarkus] (Test runner thread) code-with-quarkus 1.0.0-SNAPSHOT on JVM (powered by Quarkus 2.11.1.Final) started in 2.852s. Listening on: http://localhost:8081
2022-08-12 22:23:09,183 laptop-i79sh5gg code-with-quarkus-dev.jar[307696] INFO  [io.quarkus] (Test runner thread) Profile test activated. 
2022-08-12 22:23:09,184 laptop-i79sh5gg code-with-quarkus-dev.jar[307696] INFO  [io.quarkus] (Test runner thread) Installed features: [agroal, cdi, hibernate-orm, hibernate-orm-panache, jdbc-mssql, jdbc-postgresql, narayana-jta, rest-client, rest-client-jackson, resteasy, resteasy-jackson, smallrye-context-propagation, smallrye-openapi, swagger-ui, vertx]
2022-08-12 22:23:10,426 laptop-i79sh5gg code-with-quarkus-dev.jar[307696] INFO  [io.quarkus] (Test runner thread) code-with-quarkus(test application) stopped in 0.061s
2022-08-12 22:23:12,834 laptop-i79sh5gg code-with-quarkus-dev.jar[307696] INFO  [io.qua.dep.dev.RuntimeUpdatesProcessor] (vert.x-worker-thread-0) Restarting quarkus due to changes in MacademicResource.class.
2022-08-12 22:23:12,854 laptop-i79sh5gg code-with-quarkus-dev.jar[307696] INFO  [io.quarkus] (Quarkus Main Thread) code-with-quarkus stopped in 0.019s
